2024-11-19 03:07:58,821 INFO o.a.j.u.JMeterUtils: Setting Locale to en_EN
2024-11-19 03:07:58,887 INFO o.a.j.JMeter: Loading user properties from: /opt/apache-jmeter-5.6.3/bin/user.properties
2024-11-19 03:07:58,887 INFO o.a.j.JMeter: Loading system properties from: /opt/apache-jmeter-5.6.3/bin/system.properties
2024-11-19 03:07:58,888 INFO o.a.j.JMeter: Setting JMeter property: resdir=automatedtesting/jmeter/stresspages.csv
2024-11-19 03:07:58,904 INFO o.a.j.JMeter: Copyright (c) 1998-2024 The Apache Software Foundation
2024-11-19 03:07:58,904 INFO o.a.j.JMeter: Version 5.6.3
2024-11-19 03:07:58,904 INFO o.a.j.JMeter: java.version=11.0.25
2024-11-19 03:07:58,905 INFO o.a.j.JMeter: java.vm.name=OpenJDK 64-Bit Server VM
2024-11-19 03:07:58,905 INFO o.a.j.JMeter: os.name=Linux
2024-11-19 03:07:58,905 INFO o.a.j.JMeter: os.arch=amd64
2024-11-19 03:07:58,905 INFO o.a.j.JMeter: os.version=5.15.0-1074-azure
2024-11-19 03:07:58,910 INFO o.a.j.JMeter: file.encoding=UTF-8
2024-11-19 03:07:58,910 INFO o.a.j.JMeter: java.awt.headless=true
2024-11-19 03:07:58,910 INFO o.a.j.JMeter: Max memory     =1073741824
2024-11-19 03:07:58,910 INFO o.a.j.JMeter: Available Processors =1
2024-11-19 03:07:58,931 INFO o.a.j.JMeter: Default Locale=English (EN)
2024-11-19 03:07:58,932 INFO o.a.j.JMeter: JMeter  Locale=English (EN)
2024-11-19 03:07:58,932 INFO o.a.j.JMeter: JMeterHome=/opt/apache-jmeter-5.6.3
2024-11-19 03:07:58,933 INFO o.a.j.JMeter: user.dir  =/home/devopsagent/myagent/_work/1/s
2024-11-19 03:07:58,933 INFO o.a.j.JMeter: PWD       =/home/devopsagent/myagent/_work/1/s
2024-11-19 03:07:58,940 INFO o.a.j.JMeter: IP: 10.0.0.4 Name: myLinuxVM FullName: mylinuxvm.internal.cloudapp.net
2024-11-19 03:07:58,964 INFO o.a.j.JMeter: Setting property 'jmeter.reportgenerator.outputdir' to:'/home/devopsagent/myagent/_work/1/s/automatedtesting/jmeter/stressreport'
2024-11-19 03:07:58,978 INFO o.a.j.s.FileServer: Default base='/home/devopsagent/myagent/_work/1/s'
2024-11-19 03:07:58,982 INFO o.a.j.s.FileServer: Set new base='/home/devopsagent/myagent/_work/1/s/automatedtesting/jmeter'
2024-11-19 03:07:59,572 INFO o.a.j.s.SaveService: Testplan (JMX) version: 2.2. Testlog (JTL) version: 2.2
2024-11-19 03:07:59,640 INFO o.a.j.s.SaveService: Using SaveService properties version 5.0
2024-11-19 03:07:59,644 INFO o.a.j.s.SaveService: Using SaveService properties file encoding UTF-8
2024-11-19 03:07:59,657 INFO o.a.j.s.SaveService: Loading file: automatedtesting/jmeter/StressTestSuite.jmx
2024-11-19 03:07:59,845 INFO o.a.j.p.h.s.HTTPSamplerBase: Parser for text/html is org.apache.jmeter.protocol.http.parser.LagartoBasedHtmlParser
2024-11-19 03:07:59,845 INFO o.a.j.p.h.s.HTTPSamplerBase: Parser for application/xhtml+xml is org.apache.jmeter.protocol.http.parser.LagartoBasedHtmlParser
2024-11-19 03:07:59,845 INFO o.a.j.p.h.s.HTTPSamplerBase: Parser for application/xml is org.apache.jmeter.protocol.http.parser.LagartoBasedHtmlParser
2024-11-19 03:07:59,845 INFO o.a.j.p.h.s.HTTPSamplerBase: Parser for text/xml is org.apache.jmeter.protocol.http.parser.LagartoBasedHtmlParser
2024-11-19 03:07:59,845 INFO o.a.j.p.h.s.HTTPSamplerBase: Parser for text/vnd.wap.wml is org.apache.jmeter.protocol.http.parser.RegexpHTMLParser
2024-11-19 03:07:59,845 INFO o.a.j.p.h.s.HTTPSamplerBase: Parser for text/css is org.apache.jmeter.protocol.http.parser.CssParser
2024-11-19 03:07:59,981 INFO o.a.j.JMeter: Creating summariser <summary>
2024-11-19 03:07:59,992 INFO o.a.j.r.d.ReportGenerator: ReportGenerator will use for Parsing the separator: ','
2024-11-19 03:07:59,998 INFO o.a.j.r.d.ReportGenerator: Will generate report at end of test from  results file: automatedtesting/jmeter/report/stressresults.jtl
2024-11-19 03:07:59,998 INFO o.a.j.r.d.ReportGenerator: Reading report generator properties from: /opt/apache-jmeter-5.6.3/bin/reportgenerator.properties
2024-11-19 03:07:59,999 INFO o.a.j.r.d.ReportGenerator: Merging with JMeter properties
2024-11-19 03:08:00,014 INFO o.a.j.r.c.ReportGeneratorConfiguration: Property 'jmeter.reportgenerator.temp_dir' not found, using default value 'temp' instead.
2024-11-19 03:08:00,017 INFO o.a.j.r.c.ReportGeneratorConfiguration: Property 'jmeter.reportgenerator.apdex_per_transaction' not found, using default value 'null' instead.
2024-11-19 03:08:00,017 INFO o.a.j.r.c.ReportGeneratorConfiguration: apdex_per_transaction is empty, not APDEX per transaction customization
2024-11-19 03:08:00,017 INFO o.a.j.r.c.ReportGeneratorConfiguration: Property 'jmeter.reportgenerator.sample_filter' not found, using default value 'null' instead.
2024-11-19 03:08:00,017 INFO o.a.j.r.c.ReportGeneratorConfiguration: Property 'jmeter.reportgenerator.report_title' not found, using default value 'null' instead.
2024-11-19 03:08:00,017 INFO o.a.j.r.c.ReportGeneratorConfiguration: Property 'jmeter.reportgenerator.start_date' not found, using default value 'null' instead.
2024-11-19 03:08:00,018 INFO o.a.j.r.c.ReportGeneratorConfiguration: Property 'jmeter.reportgenerator.end_date' not found, using default value 'null' instead.
2024-11-19 03:08:00,018 INFO o.a.j.r.c.ReportGeneratorConfiguration: Property 'jmeter.reportgenerator.date_format' not found, using default value 'null' instead.
2024-11-19 03:08:00,022 INFO o.a.j.r.c.ReportGeneratorConfiguration: Will use date range start date: null, end date: null
2024-11-19 03:08:00,031 INFO o.a.j.r.c.ReportGeneratorConfiguration: Property 'jmeter.reportgenerator.graph.totalTPS.exclude_controllers' not found, using default value 'false' instead.
2024-11-19 03:08:00,031 INFO o.a.j.r.c.ReportGeneratorConfiguration: Property 'jmeter.reportgenerator.graph.activeThreadsOverTime.exclude_controllers' not found, using default value 'false' instead.
2024-11-19 03:08:00,032 INFO o.a.j.r.c.ReportGeneratorConfiguration: Property 'jmeter.reportgenerator.graph.timeVsThreads.exclude_controllers' not found, using default value 'false' instead.
2024-11-19 03:08:00,032 INFO o.a.j.r.c.ReportGeneratorConfiguration: Property 'jmeter.reportgenerator.graph.responseTimeDistribution.exclude_controllers' not found, using default value 'false' instead.
2024-11-19 03:08:00,033 INFO o.a.j.r.c.ReportGeneratorConfiguration: Property 'jmeter.reportgenerator.graph.transactionsPerSecond.exclude_controllers' not found, using default value 'false' instead.
2024-11-19 03:08:00,033 INFO o.a.j.r.c.ReportGeneratorConfiguration: Property 'jmeter.reportgenerator.graph.responseTimePercentiles.exclude_controllers' not found, using default value 'false' instead.
2024-11-19 03:08:00,033 INFO o.a.j.r.c.ReportGeneratorConfiguration: Property 'jmeter.reportgenerator.graph.responseTimePercentilesOverTime.exclude_controllers' not found, using default value 'false' instead.
2024-11-19 03:08:00,034 INFO o.a.j.r.c.ReportGeneratorConfiguration: Property 'jmeter.reportgenerator.graph.responseTimesOverTime.exclude_controllers' not found, using default value 'false' instead.
2024-11-19 03:08:00,038 INFO o.a.j.r.c.ReportGeneratorConfiguration: Property 'jmeter.reportgenerator.graph.connectTimeOverTime.exclude_controllers' not found, using default value 'false' instead.
2024-11-19 03:08:00,038 INFO o.a.j.r.c.ReportGeneratorConfiguration: Property 'jmeter.reportgenerator.graph.latenciesOverTime.exclude_controllers' not found, using default value 'false' instead.
2024-11-19 03:08:00,039 INFO o.a.j.r.c.ReportGeneratorConfiguration: Property 'jmeter.reportgenerator.exporter.json.filters_only_sample_series' not found, using default value 'true' instead.
2024-11-19 03:08:00,039 INFO o.a.j.r.c.ReportGeneratorConfiguration: Property 'jmeter.reportgenerator.exporter.json.series_filter' not found, using default value '' instead.
2024-11-19 03:08:00,039 INFO o.a.j.r.c.ReportGeneratorConfiguration: Property 'jmeter.reportgenerator.exporter.json.show_controllers_only' not found, using default value 'false' instead.
2024-11-19 03:08:00,040 INFO o.a.j.r.c.ReportGeneratorConfiguration: Property 'jmeter.reportgenerator.exporter.html.filters_only_sample_series' not found, using default value 'true' instead.
2024-11-19 03:08:00,040 INFO o.a.j.r.c.ReportGeneratorConfiguration: Property 'jmeter.reportgenerator.exporter.html.series_filter' not found, using default value '' instead.
2024-11-19 03:08:00,040 INFO o.a.j.r.c.ReportGeneratorConfiguration: Property 'jmeter.reportgenerator.exporter.html.show_controllers_only' not found, using default value 'false' instead.
2024-11-19 03:08:00,082 INFO o.a.j.e.StandardJMeterEngine: Running the test!
2024-11-19 03:08:00,084 INFO o.a.j.s.SampleEvent: List of sample_variables: []
2024-11-19 03:08:00,085 INFO o.a.j.s.SampleEvent: List of sample_variables: []
2024-11-19 03:08:00,105 INFO o.a.j.e.u.CompoundVariable: Note: Function class names must contain the string: '.functions.'
2024-11-19 03:08:00,105 INFO o.a.j.e.u.CompoundVariable: Note: Function class names must not contain the string: '.gui.'
2024-11-19 03:08:00,913 INFO o.a.j.JMeter: Running test (1731985680913)
2024-11-19 03:08:00,992 INFO o.a.j.e.StandardJMeterEngine: Starting ThreadGroup: 1 : Stress Test Suite
2024-11-19 03:08:00,992 INFO o.a.j.e.StandardJMeterEngine: Starting 100 threads for group Stress Test Suite.
2024-11-19 03:08:00,992 INFO o.a.j.e.StandardJMeterEngine: Thread will continue on error
2024-11-19 03:08:00,992 INFO o.a.j.t.ThreadGroup: Starting thread group... number=1 threads=100 ramp-up=5 delayedStart=false
2024-11-19 03:08:01,302 INFO o.a.j.t.JMeterThread: Thread started: Stress Test Suite 1-1
2024-11-19 03:08:01,304 INFO o.a.j.s.FileServer: Stored: objs_author.csv
2024-11-19 03:08:01,325 INFO o.a.j.t.JMeterThread: Thread started: Stress Test Suite 1-2
2024-11-19 03:08:01,365 INFO o.a.j.t.JMeterThread: Thread started: Stress Test Suite 1-3
2024-11-19 03:08:01,412 INFO o.a.j.s.FileServer: Stored: objs_users.csv
2024-11-19 03:08:01,413 INFO o.a.j.s.FileServer: Stored: objs_cover_photos.csv
2024-11-19 03:08:01,413 INFO o.a.j.s.FileServer: Stored: objs_activity.csv
2024-11-19 03:08:01,413 INFO o.a.j.s.FileServer: Stored: objs_books.csv
2024-11-19 03:08:01,413 INFO o.a.j.s.FileServer: Stored: book_ids.csv
2024-11-19 03:08:01,414 INFO o.a.j.s.FileServer: Stored: general_ids.csv
2024-11-19 03:08:01,426 INFO o.a.j.t.JMeterThread: Thread started: Stress Test Suite 1-4
2024-11-19 03:08:01,446 INFO o.a.j.t.JMeterThread: Thread started: Stress Test Suite 1-5
2024-11-19 03:08:01,484 INFO o.a.j.t.JMeterThread: Thread started: Stress Test Suite 1-6
2024-11-19 03:08:01,523 INFO o.a.j.t.JMeterThread: Thread started: Stress Test Suite 1-7
2024-11-19 03:08:01,554 INFO o.a.j.t.JMeterThread: Thread started: Stress Test Suite 1-8
2024-11-19 03:08:01,630 INFO o.a.j.t.JMeterThread: Thread started: Stress Test Suite 1-9
2024-11-19 03:08:01,642 INFO o.a.j.t.JMeterThread: Thread started: Stress Test Suite 1-10
2024-11-19 03:08:01,673 INFO o.a.j.t.JMeterThread: Thread started: Stress Test Suite 1-11
2024-11-19 03:08:01,706 INFO o.a.j.p.h.s.HTTPHCAbstractImpl: Local host = myLinuxVM
2024-11-19 03:08:01,728 INFO o.a.j.t.ThreadGroup: Started thread group number 1
2024-11-19 03:08:01,728 INFO o.a.j.e.StandardJMeterEngine: All thread groups have been started
2024-11-19 03:08:01,726 INFO o.a.j.t.JMeterThread: Thread started: Stress Test Suite 1-12
2024-11-19 03:08:01,748 INFO o.a.j.t.JMeterThread: Thread started: Stress Test Suite 1-13
2024-11-19 03:08:01,767 INFO o.a.j.p.h.s.HTTPHC4Impl: HTTP request retry count = 0
2024-11-19 03:08:01,769 INFO o.a.j.s.SampleResult: Note: Sample TimeStamps are START times
2024-11-19 03:08:01,769 INFO o.a.j.s.SampleResult: sampleresult.default.encoding is set to UTF-8
2024-11-19 03:08:01,769 INFO o.a.j.s.SampleResult: sampleresult.useNanoTime=true
2024-11-19 03:08:01,769 INFO o.a.j.s.SampleResult: sampleresult.nanoThreadSleep=5000
2024-11-19 03:08:01,788 INFO o.a.j.t.JMeterThread: Thread started: Stress Test Suite 1-14
2024-11-19 03:08:01,807 INFO o.a.j.t.JMeterThread: Thread started: Stress Test Suite 1-15
2024-11-19 03:08:01,843 INFO o.a.j.t.JMeterThread: Thread started: Stress Test Suite 1-16
2024-11-19 03:08:01,885 INFO o.a.j.t.JMeterThread: Thread started: Stress Test Suite 1-17
2024-11-19 03:08:01,927 INFO o.a.j.t.JMeterThread: Thread started: Stress Test Suite 1-18
2024-11-19 03:08:01,982 INFO o.a.j.t.JMeterThread: Thread started: Stress Test Suite 1-19
2024-11-19 03:08:02,000 INFO o.a.j.p.h.s.h.LazyLayeredConnectionSocketFactory: Setting up HTTPS TrustAll Socket Factory
2024-11-19 03:08:02,013 INFO o.a.j.t.JMeterThread: Thread started: Stress Test Suite 1-20
2024-11-19 03:08:02,026 INFO o.a.j.u.JsseSSLManager: Using default SSL protocol: TLS
2024-11-19 03:08:02,026 INFO o.a.j.u.JsseSSLManager: SSL session context: per-thread
2024-11-19 03:08:02,061 INFO o.a.j.t.JMeterThread: Thread started: Stress Test Suite 1-21
2024-11-19 03:08:02,103 INFO o.a.j.t.JMeterThread: Thread started: Stress Test Suite 1-22
2024-11-19 03:08:02,143 INFO o.a.j.t.JMeterThread: Thread started: Stress Test Suite 1-23
2024-11-19 03:08:02,185 INFO o.a.j.u.SSLManager: JmeterKeyStore Location:  type JKS
2024-11-19 03:08:02,193 INFO o.a.j.t.JMeterThread: Thread started: Stress Test Suite 1-24
2024-11-19 03:08:02,198 INFO o.a.j.u.SSLManager: KeyStore created OK
2024-11-19 03:08:02,198 WARN o.a.j.u.SSLManager: Keystore file not found, loading empty keystore
2024-11-19 03:08:02,251 INFO o.a.j.t.JMeterThread: Thread started: Stress Test Suite 1-25
2024-11-19 03:08:02,287 INFO o.a.j.t.JMeterThread: Thread started: Stress Test Suite 1-26
2024-11-19 03:08:02,321 INFO o.a.j.t.JMeterThread: Thread started: Stress Test Suite 1-27
2024-11-19 03:08:02,399 INFO o.a.j.t.JMeterThread: Thread started: Stress Test Suite 1-29
2024-11-19 03:08:02,408 INFO o.a.j.t.JMeterThread: Thread started: Stress Test Suite 1-28
2024-11-19 03:08:02,453 INFO o.a.j.t.JMeterThread: Thread started: Stress Test Suite 1-30
2024-11-19 03:08:02,502 INFO o.a.j.t.JMeterThread: Thread started: Stress Test Suite 1-31
2024-11-19 03:08:02,548 INFO o.a.j.t.JMeterThread: Thread started: Stress Test Suite 1-32
2024-11-19 03:08:02,597 INFO o.a.j.t.JMeterThread: Thread started: Stress Test Suite 1-33
2024-11-19 03:08:02,674 INFO o.a.j.t.JMeterThread: Thread started: Stress Test Suite 1-34
2024-11-19 03:08:02,704 INFO o.a.j.t.JMeterThread: Thread started: Stress Test Suite 1-35
2024-11-19 03:08:02,777 INFO o.a.j.t.JMeterThread: Thread started: Stress Test Suite 1-36
2024-11-19 03:08:02,800 INFO o.a.j.t.JMeterThread: Thread started: Stress Test Suite 1-37
2024-11-19 03:08:02,866 INFO o.a.j.t.JMeterThread: Thread started: Stress Test Suite 1-38
2024-11-19 03:08:02,912 INFO o.a.j.t.JMeterThread: Thread started: Stress Test Suite 1-39
2024-11-19 03:08:02,947 INFO o.a.j.t.JMeterThread: Thread started: Stress Test Suite 1-40
2024-11-19 03:08:03,000 INFO o.a.j.t.JMeterThread: Thread started: Stress Test Suite 1-41
2024-11-19 03:08:03,047 INFO o.a.j.t.JMeterThread: Thread started: Stress Test Suite 1-42
2024-11-19 03:08:03,122 INFO o.a.j.t.JMeterThread: Thread started: Stress Test Suite 1-43
2024-11-19 03:08:03,151 INFO o.a.j.t.JMeterThread: Thread started: Stress Test Suite 1-44
2024-11-19 03:08:03,215 INFO o.a.j.t.JMeterThread: Thread started: Stress Test Suite 1-45
2024-11-19 03:08:03,265 INFO o.a.j.t.JMeterThread: Thread started: Stress Test Suite 1-46
2024-11-19 03:08:03,299 INFO o.a.j.t.JMeterThread: Thread started: Stress Test Suite 1-47
2024-11-19 03:08:03,357 INFO o.a.j.t.JMeterThread: Thread started: Stress Test Suite 1-48
2024-11-19 03:08:03,408 INFO o.a.j.t.JMeterThread: Thread started: Stress Test Suite 1-49
2024-11-19 03:08:03,447 INFO o.a.j.t.JMeterThread: Thread started: Stress Test Suite 1-50
2024-11-19 03:08:03,497 INFO o.a.j.t.JMeterThread: Thread started: Stress Test Suite 1-51
2024-11-19 03:08:03,602 INFO o.a.j.t.JMeterThread: Thread started: Stress Test Suite 1-53
2024-11-19 03:08:03,602 INFO o.a.j.t.JMeterThread: Thread started: Stress Test Suite 1-52
2024-11-19 03:08:03,647 INFO o.a.j.t.JMeterThread: Thread started: Stress Test Suite 1-54
2024-11-19 03:08:03,799 INFO o.a.j.t.JMeterThread: Thread started: Stress Test Suite 1-57
2024-11-19 03:08:03,822 INFO o.a.j.t.JMeterThread: Thread started: Stress Test Suite 1-55
2024-11-19 03:08:03,826 INFO o.a.j.t.JMeterThread: Thread started: Stress Test Suite 1-56
2024-11-19 03:08:03,858 INFO o.a.j.t.JMeterThread: Thread started: Stress Test Suite 1-58
2024-11-19 03:08:03,898 INFO o.a.j.t.JMeterThread: Thread started: Stress Test Suite 1-59
2024-11-19 03:08:03,947 INFO o.a.j.t.JMeterThread: Thread started: Stress Test Suite 1-60
2024-11-19 03:08:04,001 INFO o.a.j.t.JMeterThread: Thread started: Stress Test Suite 1-61
2024-11-19 03:08:04,048 INFO o.a.j.t.JMeterThread: Thread started: Stress Test Suite 1-62
2024-11-19 03:08:04,098 INFO o.a.j.t.JMeterThread: Thread started: Stress Test Suite 1-63
2024-11-19 03:08:04,152 INFO o.a.j.t.JMeterThread: Thread started: Stress Test Suite 1-64
2024-11-19 03:08:04,196 INFO o.a.j.t.JMeterThread: Thread started: Stress Test Suite 1-65
2024-11-19 03:08:04,247 INFO o.a.j.t.JMeterThread: Thread started: Stress Test Suite 1-66
2024-11-19 03:08:04,297 INFO o.a.j.t.JMeterThread: Thread started: Stress Test Suite 1-67
2024-11-19 03:08:04,352 INFO o.a.j.t.JMeterThread: Thread started: Stress Test Suite 1-68
2024-11-19 03:08:04,398 INFO o.a.j.t.JMeterThread: Thread started: Stress Test Suite 1-69
2024-11-19 03:08:04,449 INFO o.a.j.t.JMeterThread: Thread started: Stress Test Suite 1-70
2024-11-19 03:08:04,499 INFO o.a.j.t.JMeterThread: Thread started: Stress Test Suite 1-71
2024-11-19 03:08:04,547 INFO o.a.j.t.JMeterThread: Thread started: Stress Test Suite 1-72
2024-11-19 03:08:04,598 INFO o.a.j.t.JMeterThread: Thread started: Stress Test Suite 1-73
2024-11-19 03:08:04,649 INFO o.a.j.t.JMeterThread: Thread started: Stress Test Suite 1-74
2024-11-19 03:08:04,698 INFO o.a.j.t.JMeterThread: Thread started: Stress Test Suite 1-75
2024-11-19 03:08:04,747 INFO o.a.j.t.JMeterThread: Thread started: Stress Test Suite 1-76
2024-11-19 03:08:04,806 INFO o.a.j.t.JMeterThread: Thread started: Stress Test Suite 1-77
2024-11-19 03:08:04,867 INFO o.a.j.t.JMeterThread: Thread started: Stress Test Suite 1-78
2024-11-19 03:08:04,898 INFO o.a.j.t.JMeterThread: Thread started: Stress Test Suite 1-79
2024-11-19 03:08:04,950 INFO o.a.j.t.JMeterThread: Thread started: Stress Test Suite 1-80
2024-11-19 03:08:04,997 INFO o.a.j.t.JMeterThread: Thread started: Stress Test Suite 1-81
2024-11-19 03:08:05,054 INFO o.a.j.t.JMeterThread: Thread started: Stress Test Suite 1-82
2024-11-19 03:08:05,154 INFO o.a.j.t.JMeterThread: Thread started: Stress Test Suite 1-83
2024-11-19 03:08:05,201 INFO o.a.j.t.JMeterThread: Thread started: Stress Test Suite 1-85
2024-11-19 03:08:05,209 INFO o.a.j.t.JMeterThread: Thread started: Stress Test Suite 1-84
2024-11-19 03:08:05,247 INFO o.a.j.t.JMeterThread: Thread started: Stress Test Suite 1-86
2024-11-19 03:08:05,298 INFO o.a.j.t.JMeterThread: Thread started: Stress Test Suite 1-87
2024-11-19 03:08:05,351 INFO o.a.j.t.JMeterThread: Thread started: Stress Test Suite 1-88
2024-11-19 03:08:05,465 INFO o.a.j.t.JMeterThread: Thread started: Stress Test Suite 1-90
2024-11-19 03:08:05,486 INFO o.a.j.t.JMeterThread: Thread started: Stress Test Suite 1-89
2024-11-19 03:08:05,514 INFO o.a.j.r.Summariser: summary +      1 in 00:00:05 =    0.2/s Avg:  1234 Min:  1234 Max:  1234 Err:     1 (100.00%) Active: 90 Started: 90 Finished: 0
2024-11-19 03:08:05,532 INFO o.a.j.t.JMeterThread: Thread started: Stress Test Suite 1-91
2024-11-19 03:08:05,576 INFO o.a.j.t.JMeterThread: Thread started: Stress Test Suite 1-92
2024-11-19 03:08:05,604 INFO o.a.j.t.JMeterThread: Thread started: Stress Test Suite 1-93
2024-11-19 03:08:05,659 INFO o.a.j.t.JMeterThread: Thread started: Stress Test Suite 1-94
2024-11-19 03:08:05,700 INFO o.a.j.t.JMeterThread: Thread started: Stress Test Suite 1-95
2024-11-19 03:08:05,771 INFO o.a.j.t.JMeterThread: Thread started: Stress Test Suite 1-96
2024-11-19 03:08:05,799 INFO o.a.j.t.JMeterThread: Thread started: Stress Test Suite 1-97
2024-11-19 03:08:05,863 INFO o.a.j.t.JMeterThread: Thread started: Stress Test Suite 1-98
2024-11-19 03:08:05,915 INFO o.a.j.t.JMeterThread: Thread started: Stress Test Suite 1-99
2024-11-19 03:08:05,964 INFO o.a.j.t.JMeterThread: Thread started: Stress Test Suite 1-100
2024-11-19 03:08:08,587 INFO o.a.j.t.JMeterThread: Thread is done: Stress Test Suite 1-43
2024-11-19 03:08:08,587 INFO o.a.j.t.JMeterThread: Thread finished: Stress Test Suite 1-43
2024-11-19 03:08:08,604 INFO o.a.j.t.JMeterThread: Thread is done: Stress Test Suite 1-33
2024-11-19 03:08:08,605 INFO o.a.j.t.JMeterThread: Thread finished: Stress Test Suite 1-33
2024-11-19 03:08:08,632 INFO o.a.j.t.JMeterThread: Thread is done: Stress Test Suite 1-36
2024-11-19 03:08:08,632 INFO o.a.j.t.JMeterThread: Thread finished: Stress Test Suite 1-36
2024-11-19 03:08:08,636 INFO o.a.j.t.JMeterThread: Thread is done: Stress Test Suite 1-3
2024-11-19 03:08:08,636 INFO o.a.j.t.JMeterThread: Thread finished: Stress Test Suite 1-3
2024-11-19 03:08:08,676 INFO o.a.j.t.JMeterThread: Thread is done: Stress Test Suite 1-44
2024-11-19 03:08:08,676 INFO o.a.j.t.JMeterThread: Thread finished: Stress Test Suite 1-44
2024-11-19 03:08:08,683 INFO o.a.j.t.JMeterThread: Thread is done: Stress Test Suite 1-10
2024-11-19 03:08:08,683 INFO o.a.j.t.JMeterThread: Thread finished: Stress Test Suite 1-10
2024-11-19 03:08:08,726 INFO o.a.j.t.JMeterThread: Thread is done: Stress Test Suite 1-11
2024-11-19 03:08:08,726 INFO o.a.j.t.JMeterThread: Thread finished: Stress Test Suite 1-11
2024-11-19 03:08:08,731 INFO o.a.j.t.JMeterThread: Thread is done: Stress Test Suite 1-6
2024-11-19 03:08:08,731 INFO o.a.j.t.JMeterThread: Thread finished: Stress Test Suite 1-6
2024-11-19 03:08:08,734 INFO o.a.j.t.JMeterThread: Thread is done: Stress Test Suite 1-56
2024-11-19 03:08:08,734 INFO o.a.j.t.JMeterThread: Thread finished: Stress Test Suite 1-56
2024-11-19 03:08:08,736 INFO o.a.j.t.JMeterThread: Thread is done: Stress Test Suite 1-1
2024-11-19 03:08:08,736 INFO o.a.j.t.JMeterThread: Thread finished: Stress Test Suite 1-1
2024-11-19 03:08:08,738 INFO o.a.j.t.JMeterThread: Thread is done: Stress Test Suite 1-17
2024-11-19 03:08:08,738 INFO o.a.j.t.JMeterThread: Thread finished: Stress Test Suite 1-17
2024-11-19 03:08:08,741 INFO o.a.j.t.JMeterThread: Thread is done: Stress Test Suite 1-46
2024-11-19 03:08:08,741 INFO o.a.j.t.JMeterThread: Thread finished: Stress Test Suite 1-46
2024-11-19 03:08:08,748 INFO o.a.j.t.JMeterThread: Thread is done: Stress Test Suite 1-29
2024-11-19 03:08:08,748 INFO o.a.j.t.JMeterThread: Thread finished: Stress Test Suite 1-29
2024-11-19 03:08:08,750 INFO o.a.j.t.JMeterThread: Thread is done: Stress Test Suite 1-7
2024-11-19 03:08:08,750 INFO o.a.j.t.JMeterThread: Thread finished: Stress Test Suite 1-7
2024-11-19 03:08:08,755 INFO o.a.j.t.JMeterThread: Thread is done: Stress Test Suite 1-16
2024-11-19 03:08:08,755 INFO o.a.j.t.JMeterThread: Thread finished: Stress Test Suite 1-16
2024-11-19 03:08:08,758 INFO o.a.j.t.JMeterThread: Thread is done: Stress Test Suite 1-41
2024-11-19 03:08:08,758 INFO o.a.j.t.JMeterThread: Thread finished: Stress Test Suite 1-41
2024-11-19 03:08:08,760 INFO o.a.j.t.JMeterThread: Thread is done: Stress Test Suite 1-27
2024-11-19 03:08:08,760 INFO o.a.j.t.JMeterThread: Thread finished: Stress Test Suite 1-27
2024-11-19 03:08:08,774 INFO o.a.j.t.JMeterThread: Thread is done: Stress Test Suite 1-38
2024-11-19 03:08:08,774 INFO o.a.j.t.JMeterThread: Thread finished: Stress Test Suite 1-38
2024-11-19 03:08:08,779 INFO o.a.j.t.JMeterThread: Thread is done: Stress Test Suite 1-42
2024-11-19 03:08:08,779 INFO o.a.j.t.JMeterThread: Thread finished: Stress Test Suite 1-42
2024-11-19 03:08:08,789 INFO o.a.j.t.JMeterThread: Thread is done: Stress Test Suite 1-26
2024-11-19 03:08:08,789 INFO o.a.j.t.JMeterThread: Thread finished: Stress Test Suite 1-26
2024-11-19 03:08:08,792 INFO o.a.j.t.JMeterThread: Thread is done: Stress Test Suite 1-28
2024-11-19 03:08:08,793 INFO o.a.j.t.JMeterThread: Thread finished: Stress Test Suite 1-28
2024-11-19 03:08:08,794 INFO o.a.j.t.JMeterThread: Thread is done: Stress Test Suite 1-23
2024-11-19 03:08:08,794 INFO o.a.j.t.JMeterThread: Thread finished: Stress Test Suite 1-23
2024-11-19 03:08:08,807 INFO o.a.j.t.JMeterThread: Thread is done: Stress Test Suite 1-31
2024-11-19 03:08:08,807 INFO o.a.j.t.JMeterThread: Thread finished: Stress Test Suite 1-31
2024-11-19 03:08:08,812 INFO o.a.j.t.JMeterThread: Thread is done: Stress Test Suite 1-22
2024-11-19 03:08:08,812 INFO o.a.j.t.JMeterThread: Thread finished: Stress Test Suite 1-22
2024-11-19 03:08:08,813 INFO o.a.j.t.JMeterThread: Thread is done: Stress Test Suite 1-64
2024-11-19 03:08:08,813 INFO o.a.j.t.JMeterThread: Thread finished: Stress Test Suite 1-64
2024-11-19 03:08:08,908 INFO o.a.j.t.JMeterThread: Thread is done: Stress Test Suite 1-34
2024-11-19 03:08:08,908 INFO o.a.j.t.JMeterThread: Thread finished: Stress Test Suite 1-34
2024-11-19 03:08:08,940 INFO o.a.j.t.JMeterThread: Thread is done: Stress Test Suite 1-9
2024-11-19 03:08:08,940 INFO o.a.j.t.JMeterThread: Thread finished: Stress Test Suite 1-9
2024-11-19 03:08:08,943 INFO o.a.j.t.JMeterThread: Thread is done: Stress Test Suite 1-21
2024-11-19 03:08:08,943 INFO o.a.j.t.JMeterThread: Thread finished: Stress Test Suite 1-21
2024-11-19 03:08:08,944 INFO o.a.j.t.JMeterThread: Thread is done: Stress Test Suite 1-25
2024-11-19 03:08:08,944 INFO o.a.j.t.JMeterThread: Thread finished: Stress Test Suite 1-25
2024-11-19 03:08:08,945 INFO o.a.j.t.JMeterThread: Thread is done: Stress Test Suite 1-61
2024-11-19 03:08:08,946 INFO o.a.j.t.JMeterThread: Thread finished: Stress Test Suite 1-61
2024-11-19 03:08:08,946 INFO o.a.j.t.JMeterThread: Thread is done: Stress Test Suite 1-65
2024-11-19 03:08:08,946 INFO o.a.j.t.JMeterThread: Thread finished: Stress Test Suite 1-65
2024-11-19 03:08:08,946 INFO o.a.j.t.JMeterThread: Thread is done: Stress Test Suite 1-2
2024-11-19 03:08:08,946 INFO o.a.j.t.JMeterThread: Thread finished: Stress Test Suite 1-2
2024-11-19 03:08:08,948 INFO o.a.j.t.JMeterThread: Thread is done: Stress Test Suite 1-18
2024-11-19 03:08:08,948 INFO o.a.j.t.JMeterThread: Thread finished: Stress Test Suite 1-18
2024-11-19 03:08:08,948 INFO o.a.j.t.JMeterThread: Thread is done: Stress Test Suite 1-8
2024-11-19 03:08:08,949 INFO o.a.j.t.JMeterThread: Thread finished: Stress Test Suite 1-8
2024-11-19 03:08:08,958 INFO o.a.j.t.JMeterThread: Thread is done: Stress Test Suite 1-39
2024-11-19 03:08:08,958 INFO o.a.j.t.JMeterThread: Thread finished: Stress Test Suite 1-39
2024-11-19 03:08:08,961 INFO o.a.j.t.JMeterThread: Thread is done: Stress Test Suite 1-5
2024-11-19 03:08:08,961 INFO o.a.j.t.JMeterThread: Thread finished: Stress Test Suite 1-5
2024-11-19 03:08:08,966 INFO o.a.j.t.JMeterThread: Thread is done: Stress Test Suite 1-13
2024-11-19 03:08:08,966 INFO o.a.j.t.JMeterThread: Thread finished: Stress Test Suite 1-13
2024-11-19 03:08:08,973 INFO o.a.j.t.JMeterThread: Thread is done: Stress Test Suite 1-45
2024-11-19 03:08:08,973 INFO o.a.j.t.JMeterThread: Thread finished: Stress Test Suite 1-45
2024-11-19 03:08:08,981 INFO o.a.j.t.JMeterThread: Thread is done: Stress Test Suite 1-20
2024-11-19 03:08:08,981 INFO o.a.j.t.JMeterThread: Thread finished: Stress Test Suite 1-20
2024-11-19 03:08:09,008 INFO o.a.j.t.JMeterThread: Thread is done: Stress Test Suite 1-32
2024-11-19 03:08:09,009 INFO o.a.j.t.JMeterThread: Thread finished: Stress Test Suite 1-32
2024-11-19 03:08:09,009 INFO o.a.j.t.JMeterThread: Thread is done: Stress Test Suite 1-19
2024-11-19 03:08:09,009 INFO o.a.j.t.JMeterThread: Thread finished: Stress Test Suite 1-19
2024-11-19 03:08:09,010 INFO o.a.j.t.JMeterThread: Thread is done: Stress Test Suite 1-63
2024-11-19 03:08:09,010 INFO o.a.j.t.JMeterThread: Thread finished: Stress Test Suite 1-63
2024-11-19 03:08:09,016 INFO o.a.j.t.JMeterThread: Thread is done: Stress Test Suite 1-55
2024-11-19 03:08:09,016 INFO o.a.j.t.JMeterThread: Thread finished: Stress Test Suite 1-55
2024-11-19 03:08:09,026 INFO o.a.j.t.JMeterThread: Thread is done: Stress Test Suite 1-4
2024-11-19 03:08:09,026 INFO o.a.j.t.JMeterThread: Thread is done: Stress Test Suite 1-24
2024-11-19 03:08:09,026 INFO o.a.j.t.JMeterThread: Thread finished: Stress Test Suite 1-24
2024-11-19 03:08:09,026 INFO o.a.j.t.JMeterThread: Thread is done: Stress Test Suite 1-15
2024-11-19 03:08:09,027 INFO o.a.j.t.JMeterThread: Thread finished: Stress Test Suite 1-15
2024-11-19 03:08:09,032 INFO o.a.j.t.JMeterThread: Thread is done: Stress Test Suite 1-30
2024-11-19 03:08:09,032 INFO o.a.j.t.JMeterThread: Thread finished: Stress Test Suite 1-30
2024-11-19 03:08:09,033 INFO o.a.j.t.JMeterThread: Thread is done: Stress Test Suite 1-47
2024-11-19 03:08:09,033 INFO o.a.j.t.JMeterThread: Thread finished: Stress Test Suite 1-47
2024-11-19 03:08:09,045 INFO o.a.j.t.JMeterThread: Thread is done: Stress Test Suite 1-12
2024-11-19 03:08:09,045 INFO o.a.j.t.JMeterThread: Thread finished: Stress Test Suite 1-12
2024-11-19 03:08:09,026 INFO o.a.j.t.JMeterThread: Thread finished: Stress Test Suite 1-4
2024-11-19 03:08:09,054 INFO o.a.j.t.JMeterThread: Thread is done: Stress Test Suite 1-35
2024-11-19 03:08:09,098 INFO o.a.j.t.JMeterThread: Thread finished: Stress Test Suite 1-35
2024-11-19 03:08:09,054 INFO o.a.j.t.JMeterThread: Thread is done: Stress Test Suite 1-14
2024-11-19 03:08:09,104 INFO o.a.j.t.JMeterThread: Thread finished: Stress Test Suite 1-14
2024-11-19 03:08:09,080 INFO o.a.j.t.JMeterThread: Thread is done: Stress Test Suite 1-59
2024-11-19 03:08:09,115 INFO o.a.j.t.JMeterThread: Thread finished: Stress Test Suite 1-59
2024-11-19 03:08:09,069 INFO o.a.j.t.JMeterThread: Thread is done: Stress Test Suite 1-54
2024-11-19 03:08:09,116 INFO o.a.j.t.JMeterThread: Thread finished: Stress Test Suite 1-54
2024-11-19 03:08:09,056 INFO o.a.j.t.JMeterThread: Thread is done: Stress Test Suite 1-58
2024-11-19 03:08:09,117 INFO o.a.j.t.JMeterThread: Thread finished: Stress Test Suite 1-58
2024-11-19 03:08:09,122 INFO o.a.j.t.JMeterThread: Thread is done: Stress Test Suite 1-37
2024-11-19 03:08:09,122 INFO o.a.j.t.JMeterThread: Thread finished: Stress Test Suite 1-37
2024-11-19 03:08:09,191 INFO o.a.j.t.JMeterThread: Thread is done: Stress Test Suite 1-60
2024-11-19 03:08:09,191 INFO o.a.j.t.JMeterThread: Thread finished: Stress Test Suite 1-60
2024-11-19 03:08:09,245 INFO o.a.j.t.JMeterThread: Thread is done: Stress Test Suite 1-57
2024-11-19 03:08:09,246 INFO o.a.j.t.JMeterThread: Thread finished: Stress Test Suite 1-57
2024-11-19 03:08:09,537 INFO o.a.j.t.JMeterThread: Thread is done: Stress Test Suite 1-52
2024-11-19 03:08:09,537 INFO o.a.j.t.JMeterThread: Thread finished: Stress Test Suite 1-52
2024-11-19 03:08:09,767 INFO o.a.j.t.JMeterThread: Thread is done: Stress Test Suite 1-53
2024-11-19 03:08:09,767 INFO o.a.j.t.JMeterThread: Thread finished: Stress Test Suite 1-53
2024-11-19 03:08:09,866 INFO o.a.j.t.JMeterThread: Thread is done: Stress Test Suite 1-93
2024-11-19 03:08:09,866 INFO o.a.j.t.JMeterThread: Thread finished: Stress Test Suite 1-93
2024-11-19 03:08:09,899 INFO o.a.j.t.JMeterThread: Thread is done: Stress Test Suite 1-40
2024-11-19 03:08:09,899 INFO o.a.j.t.JMeterThread: Thread finished: Stress Test Suite 1-40
2024-11-19 03:08:09,922 INFO o.a.j.t.JMeterThread: Thread is done: Stress Test Suite 1-92
2024-11-19 03:08:09,922 INFO o.a.j.t.JMeterThread: Thread finished: Stress Test Suite 1-92
2024-11-19 03:08:09,927 INFO o.a.j.t.JMeterThread: Thread is done: Stress Test Suite 1-79
2024-11-19 03:08:09,927 INFO o.a.j.t.JMeterThread: Thread finished: Stress Test Suite 1-79
2024-11-19 03:08:09,955 INFO o.a.j.t.JMeterThread: Thread is done: Stress Test Suite 1-91
2024-11-19 03:08:09,955 INFO o.a.j.t.JMeterThread: Thread finished: Stress Test Suite 1-91
2024-11-19 03:08:09,968 INFO o.a.j.t.JMeterThread: Thread is done: Stress Test Suite 1-51
2024-11-19 03:08:09,968 INFO o.a.j.t.JMeterThread: Thread finished: Stress Test Suite 1-51
2024-11-19 03:08:09,977 INFO o.a.j.t.JMeterThread: Thread is done: Stress Test Suite 1-87
2024-11-19 03:08:09,977 INFO o.a.j.t.JMeterThread: Thread finished: Stress Test Suite 1-87
2024-11-19 03:08:09,981 INFO o.a.j.t.JMeterThread: Thread is done: Stress Test Suite 1-83
2024-11-19 03:08:09,981 INFO o.a.j.t.JMeterThread: Thread finished: Stress Test Suite 1-83
2024-11-19 03:08:09,998 INFO o.a.j.t.JMeterThread: Thread is done: Stress Test Suite 1-88
2024-11-19 03:08:09,998 INFO o.a.j.t.JMeterThread: Thread finished: Stress Test Suite 1-88
2024-11-19 03:08:09,999 INFO o.a.j.t.JMeterThread: Thread is done: Stress Test Suite 1-81
2024-11-19 03:08:09,999 INFO o.a.j.t.JMeterThread: Thread finished: Stress Test Suite 1-81
2024-11-19 03:08:10,004 INFO o.a.j.t.JMeterThread: Thread is done: Stress Test Suite 1-89
2024-11-19 03:08:10,004 INFO o.a.j.t.JMeterThread: Thread finished: Stress Test Suite 1-89
2024-11-19 03:08:10,009 INFO o.a.j.t.JMeterThread: Thread is done: Stress Test Suite 1-85
2024-11-19 03:08:10,010 INFO o.a.j.t.JMeterThread: Thread finished: Stress Test Suite 1-85
2024-11-19 03:08:10,010 INFO o.a.j.t.JMeterThread: Thread is done: Stress Test Suite 1-78
2024-11-19 03:08:10,010 INFO o.a.j.t.JMeterThread: Thread finished: Stress Test Suite 1-78
2024-11-19 03:08:10,012 INFO o.a.j.t.JMeterThread: Thread is done: Stress Test Suite 1-84
2024-11-19 03:08:10,012 INFO o.a.j.t.JMeterThread: Thread finished: Stress Test Suite 1-84
2024-11-19 03:08:10,016 INFO o.a.j.t.JMeterThread: Thread is done: Stress Test Suite 1-86
2024-11-19 03:08:10,017 INFO o.a.j.t.JMeterThread: Thread finished: Stress Test Suite 1-86
2024-11-19 03:08:10,023 INFO o.a.j.t.JMeterThread: Thread is done: Stress Test Suite 1-49
2024-11-19 03:08:10,023 INFO o.a.j.t.JMeterThread: Thread finished: Stress Test Suite 1-49
2024-11-19 03:08:10,027 INFO o.a.j.t.JMeterThread: Thread is done: Stress Test Suite 1-50
2024-11-19 03:08:10,027 INFO o.a.j.t.JMeterThread: Thread finished: Stress Test Suite 1-50
2024-11-19 03:08:10,040 INFO o.a.j.t.JMeterThread: Thread is done: Stress Test Suite 1-73
2024-11-19 03:08:10,040 INFO o.a.j.t.JMeterThread: Thread finished: Stress Test Suite 1-73
2024-11-19 03:08:10,043 INFO o.a.j.t.JMeterThread: Thread is done: Stress Test Suite 1-94
2024-11-19 03:08:10,043 INFO o.a.j.t.JMeterThread: Thread finished: Stress Test Suite 1-94
2024-11-19 03:08:10,046 INFO o.a.j.t.JMeterThread: Thread is done: Stress Test Suite 1-75
2024-11-19 03:08:10,046 INFO o.a.j.t.JMeterThread: Thread finished: Stress Test Suite 1-75
2024-11-19 03:08:10,056 INFO o.a.j.t.JMeterThread: Thread is done: Stress Test Suite 1-82
2024-11-19 03:08:10,056 INFO o.a.j.t.JMeterThread: Thread finished: Stress Test Suite 1-82
2024-11-19 03:08:10,060 INFO o.a.j.t.JMeterThread: Thread is done: Stress Test Suite 1-76
2024-11-19 03:08:10,060 INFO o.a.j.t.JMeterThread: Thread finished: Stress Test Suite 1-76
2024-11-19 03:08:10,067 INFO o.a.j.t.JMeterThread: Thread is done: Stress Test Suite 1-48
2024-11-19 03:08:10,067 INFO o.a.j.t.JMeterThread: Thread finished: Stress Test Suite 1-48
2024-11-19 03:08:10,069 INFO o.a.j.t.JMeterThread: Thread is done: Stress Test Suite 1-66
2024-11-19 03:08:10,069 INFO o.a.j.t.JMeterThread: Thread finished: Stress Test Suite 1-66
2024-11-19 03:08:10,071 INFO o.a.j.t.JMeterThread: Thread is done: Stress Test Suite 1-77
2024-11-19 03:08:10,071 INFO o.a.j.t.JMeterThread: Thread finished: Stress Test Suite 1-77
2024-11-19 03:08:10,080 INFO o.a.j.t.JMeterThread: Thread is done: Stress Test Suite 1-70
2024-11-19 03:08:10,081 INFO o.a.j.t.JMeterThread: Thread finished: Stress Test Suite 1-70
2024-11-19 03:08:10,085 INFO o.a.j.t.JMeterThread: Thread is done: Stress Test Suite 1-97
2024-11-19 03:08:10,085 INFO o.a.j.t.JMeterThread: Thread finished: Stress Test Suite 1-97
2024-11-19 03:08:10,086 INFO o.a.j.t.JMeterThread: Thread is done: Stress Test Suite 1-99
2024-11-19 03:08:10,086 INFO o.a.j.t.JMeterThread: Thread finished: Stress Test Suite 1-99
2024-11-19 03:08:10,092 INFO o.a.j.t.JMeterThread: Thread is done: Stress Test Suite 1-98
2024-11-19 03:08:10,092 INFO o.a.j.t.JMeterThread: Thread finished: Stress Test Suite 1-98
2024-11-19 03:08:10,094 INFO o.a.j.t.JMeterThread: Thread is done: Stress Test Suite 1-71
2024-11-19 03:08:10,094 INFO o.a.j.t.JMeterThread: Thread is done: Stress Test Suite 1-96
2024-11-19 03:08:10,095 INFO o.a.j.t.JMeterThread: Thread finished: Stress Test Suite 1-96
2024-11-19 03:08:10,096 INFO o.a.j.t.JMeterThread: Thread is done: Stress Test Suite 1-68
2024-11-19 03:08:10,096 INFO o.a.j.t.JMeterThread: Thread finished: Stress Test Suite 1-68
2024-11-19 03:08:10,098 INFO o.a.j.t.JMeterThread: Thread is done: Stress Test Suite 1-100
2024-11-19 03:08:10,098 INFO o.a.j.t.JMeterThread: Thread finished: Stress Test Suite 1-100
2024-11-19 03:08:10,100 INFO o.a.j.t.JMeterThread: Thread is done: Stress Test Suite 1-69
2024-11-19 03:08:10,100 INFO o.a.j.t.JMeterThread: Thread finished: Stress Test Suite 1-69
2024-11-19 03:08:10,104 INFO o.a.j.t.JMeterThread: Thread finished: Stress Test Suite 1-71
2024-11-19 03:08:10,107 INFO o.a.j.t.JMeterThread: Thread is done: Stress Test Suite 1-95
2024-11-19 03:08:10,107 INFO o.a.j.t.JMeterThread: Thread finished: Stress Test Suite 1-95
2024-11-19 03:08:10,111 INFO o.a.j.t.JMeterThread: Thread is done: Stress Test Suite 1-74
2024-11-19 03:08:10,111 INFO o.a.j.t.JMeterThread: Thread finished: Stress Test Suite 1-74
2024-11-19 03:08:10,112 INFO o.a.j.t.JMeterThread: Thread is done: Stress Test Suite 1-90
2024-11-19 03:08:10,112 INFO o.a.j.t.JMeterThread: Thread finished: Stress Test Suite 1-90
2024-11-19 03:08:10,114 INFO o.a.j.t.JMeterThread: Thread is done: Stress Test Suite 1-62
2024-11-19 03:08:10,114 INFO o.a.j.t.JMeterThread: Thread finished: Stress Test Suite 1-62
2024-11-19 03:08:10,115 INFO o.a.j.t.JMeterThread: Thread is done: Stress Test Suite 1-80
2024-11-19 03:08:10,115 INFO o.a.j.t.JMeterThread: Thread finished: Stress Test Suite 1-80
2024-11-19 03:08:10,122 INFO o.a.j.t.JMeterThread: Thread is done: Stress Test Suite 1-72
2024-11-19 03:08:10,122 INFO o.a.j.t.JMeterThread: Thread finished: Stress Test Suite 1-72
2024-11-19 03:08:10,144 INFO o.a.j.t.JMeterThread: Thread is done: Stress Test Suite 1-67
2024-11-19 03:08:10,144 INFO o.a.j.t.JMeterThread: Thread finished: Stress Test Suite 1-67
2024-11-19 03:08:10,145 INFO o.a.j.e.StandardJMeterEngine: Notifying test listeners of end of test
2024-11-19 03:08:10,145 INFO o.a.j.s.FileServer: Close: book_ids.csv
2024-11-19 03:08:10,145 INFO o.a.j.s.FileServer: Close: objs_cover_photos.csv
2024-11-19 03:08:10,145 INFO o.a.j.s.FileServer: Close: objs_activity.csv
2024-11-19 03:08:10,145 INFO o.a.j.s.FileServer: Close: objs_books.csv
2024-11-19 03:08:10,145 INFO o.a.j.s.FileServer: Close: objs_users.csv
2024-11-19 03:08:10,145 INFO o.a.j.s.FileServer: Close: general_ids.csv
2024-11-19 03:08:10,145 INFO o.a.j.s.FileServer: Close: objs_author.csv
2024-11-19 03:08:10,146 INFO o.a.j.r.Summariser: summary +   2699 in 00:00:05 =  581.7/s Avg:   172 Min:     3 Max:  3503 Err:  2699 (100.00%) Active: 0 Started: 100 Finished: 100
2024-11-19 03:08:10,147 INFO o.a.j.r.Summariser: summary =   2700 in 00:00:09 =  292.4/s Avg:   173 Min:     3 Max:  3503 Err:  2700 (100.00%)
2024-11-19 03:08:10,149 INFO o.a.j.JMeter: Generating Dashboard
2024-11-19 03:08:10,150 INFO o.a.j.r.d.ReportGenerator: Flushing result collector before report Generation
2024-11-19 03:08:10,195 INFO o.a.j.r.p.NormalizerSampleConsumer: Using format, 'ms', to parse timeStamp field
2024-11-19 03:08:10,888 INFO o.a.j.r.p.AbstractSampleConsumer: class org.apache.jmeter.report.processor.AggregateConsumer#stopProducing(): beginDate produced 0 samples
2024-11-19 03:08:10,888 INFO o.a.j.r.p.AbstractSampleConsumer: class org.apache.jmeter.report.processor.AggregateConsumer#stopProducing(): endDate produced 0 samples
2024-11-19 03:08:10,894 INFO o.a.j.r.p.AbstractSampleConsumer: class org.apache.jmeter.report.processor.ApdexSummaryConsumer#stopProducing(): apdexSummary produced 0 samples
2024-11-19 03:08:10,894 INFO o.a.j.r.p.AbstractSampleConsumer: class org.apache.jmeter.report.processor.RequestsSummaryConsumer#stopProducing(): requestsSummary produced 0 samples
2024-11-19 03:08:10,915 INFO o.a.j.r.p.AbstractSampleConsumer: class org.apache.jmeter.report.processor.StatisticsSummaryConsumer#stopProducing(): statisticsSummary produced 0 samples
2024-11-19 03:08:10,917 INFO o.a.j.r.p.AbstractSampleConsumer: class org.apache.jmeter.report.processor.Top5ErrorsBySamplerConsumer#stopProducing(): top5ErrorsBySampler produced 0 samples
2024-11-19 03:08:10,922 INFO o.a.j.r.p.AbstractSampleConsumer: class org.apache.jmeter.report.processor.ErrorsSummaryConsumer#stopProducing(): errorsSummary produced 0 samples
2024-11-19 03:08:10,923 INFO o.a.j.r.p.AbstractSampleConsumer: class org.apache.jmeter.report.processor.graph.impl.HitsPerSecondGraphConsumer#stopProducing(): hitsPerSecond produced 0 samples
2024-11-19 03:08:11,068 INFO o.a.j.r.p.AbstractSampleConsumer: class org.apache.jmeter.report.processor.graph.impl.LatencyVSRequestGraphConsumer#stopProducing(): latencyVsRequest produced 0 samples
2024-11-19 03:08:11,074 INFO o.a.j.r.p.AbstractSampleConsumer: class org.apache.jmeter.report.processor.graph.impl.SyntheticResponseTimeDistributionGraphConsumer#stopProducing(): syntheticResponseTimeDistribution produced 0 samples
2024-11-19 03:08:11,074 INFO o.a.j.r.p.AbstractSampleConsumer: class org.apache.jmeter.report.processor.graph.impl.BytesThroughputGraphConsumer#stopProducing(): bytesThroughputOverTime produced 0 samples
2024-11-19 03:08:11,075 INFO o.a.j.r.p.AbstractSampleConsumer: class org.apache.jmeter.report.processor.graph.impl.CodesPerSecondGraphConsumer#stopProducing(): codesPerSecond produced 0 samples
2024-11-19 03:08:11,180 INFO o.a.j.r.p.AbstractSampleConsumer: class org.apache.jmeter.report.processor.graph.impl.ResponseTimeVSRequestGraphConsumer#stopProducing(): responseTimeVsRequest produced 0 samples
2024-11-19 03:08:11,181 INFO o.a.j.r.p.AbstractSampleConsumer: class org.apache.jmeter.report.processor.FilterConsumer#stopProducing(): startIntervalControlerFilter produced 18900 samples
2024-11-19 03:08:11,181 INFO o.a.j.r.p.AbstractSampleConsumer: class org.apache.jmeter.report.processor.graph.impl.TotalTPSGraphConsumer#stopProducing(): totalTPS produced 0 samples
2024-11-19 03:08:11,182 INFO o.a.j.r.p.AbstractSampleConsumer: class org.apache.jmeter.report.processor.graph.impl.ActiveThreadsGraphConsumer#stopProducing(): activeThreadsOverTime produced 0 samples
2024-11-19 03:08:11,182 INFO o.a.j.r.p.AbstractSampleConsumer: class org.apache.jmeter.report.processor.graph.impl.TimeVSThreadGraphConsumer#stopProducing(): timeVsThreads produced 0 samples
2024-11-19 03:08:11,191 INFO o.a.j.r.p.AbstractSampleConsumer: class org.apache.jmeter.report.processor.graph.impl.ResponseTimeDistributionGraphConsumer#stopProducing(): responseTimeDistribution produced 0 samples
2024-11-19 03:08:11,191 INFO o.a.j.r.p.AbstractSampleConsumer: class org.apache.jmeter.report.processor.graph.impl.TransactionsPerSecondGraphConsumer#stopProducing(): transactionsPerSecond produced 0 samples
2024-11-19 03:08:11,191 INFO o.a.j.r.p.AbstractSampleConsumer: class org.apache.jmeter.report.processor.graph.impl.ResponseTimePercentilesGraphConsumer#stopProducing(): responseTimePercentiles produced 0 samples
2024-11-19 03:08:11,215 INFO o.a.j.r.p.AbstractSampleConsumer: class org.apache.jmeter.report.processor.graph.impl.ResponseTimePercentilesOverTimeGraphConsumer#stopProducing(): responseTimePercentilesOverTime produced 0 samples
2024-11-19 03:08:11,215 INFO o.a.j.r.p.AbstractSampleConsumer: class org.apache.jmeter.report.processor.graph.impl.ResponseTimeOverTimeGraphConsumer#stopProducing(): responseTimesOverTime produced 0 samples
2024-11-19 03:08:11,216 INFO o.a.j.r.p.AbstractSampleConsumer: class org.apache.jmeter.report.processor.graph.impl.ConnectTimeOverTimeGraphConsumer#stopProducing(): connectTimeOverTime produced 0 samples
2024-11-19 03:08:11,216 INFO o.a.j.r.p.AbstractSampleConsumer: class org.apache.jmeter.report.processor.graph.impl.LatencyOverTimeGraphConsumer#stopProducing(): latenciesOverTime produced 0 samples
2024-11-19 03:08:11,216 INFO o.a.j.r.p.AbstractSampleConsumer: class org.apache.jmeter.report.processor.FilterConsumer#stopProducing(): nameFilter produced 40500 samples
2024-11-19 03:08:11,216 INFO o.a.j.r.p.AbstractSampleConsumer: class org.apache.jmeter.report.processor.FilterConsumer#stopProducing(): dateRangeFilter produced 8100 samples
2024-11-19 03:08:11,216 INFO o.a.j.r.p.AbstractSampleConsumer: class org.apache.jmeter.report.processor.NormalizerSampleConsumer#stopProducing(): normalizer produced 2700 samples
2024-11-19 03:08:11,217 INFO o.a.j.r.p.CsvFileSampleSource: produce(): 2700 samples produced in 942ms on channel 0
2024-11-19 03:08:11,217 INFO o.a.j.r.d.ReportGenerator: Exporting data using exporter:'json' of className:'org.apache.jmeter.report.dashboard.JsonExporter'
2024-11-19 03:08:11,455 INFO o.a.j.r.d.JsonExporter: Found data for consumer statisticsSummary in context
2024-11-19 03:08:11,455 INFO o.a.j.r.d.JsonExporter: Creating statistics for overall
2024-11-19 03:08:11,458 INFO o.a.j.r.d.JsonExporter: Creating statistics for other transactions
2024-11-19 03:08:11,459 INFO o.a.j.r.d.JsonExporter: Checking output folder
2024-11-19 03:08:11,459 INFO o.a.j.r.d.JsonExporter: Writing statistics JSON to /home/devopsagent/myagent/_work/1/s/automatedtesting/jmeter/stressreport/statistics.json
2024-11-19 03:08:11,593 INFO o.a.j.r.d.ReportGenerator: Exporting data using exporter:'html' of className:'org.apache.jmeter.report.dashboard.HtmlTemplateExporter'
2024-11-19 03:08:11,600 INFO o.a.j.r.d.HtmlTemplateExporter: Will generate dashboard in folder: /home/devopsagent/myagent/_work/1/s/automatedtesting/jmeter/stressreport
2024-11-19 03:08:12,020 INFO o.a.j.r.d.HtmlTemplateExporter: Report will be generated in: /home/devopsagent/myagent/_work/1/s/automatedtesting/jmeter/stressreport, creating folder structure
2024-11-19 03:08:12,026 INFO o.a.j.r.d.TemplateVisitor: Copying folder from '/opt/apache-jmeter-5.6.3/bin/report-template' to '/home/devopsagent/myagent/_work/1/s/automatedtesting/jmeter/stressreport', got message: /home/devopsagent/myagent/_work/1/s/automatedtesting/jmeter/stressreport, found non empty folder with following content [/home/devopsagent/myagent/_work/1/s/automatedtesting/jmeter/stressreport/statistics.json], will be ignored
2024-11-19 03:08:12,565 INFO o.a.j.JMeter: Dashboard generated
